<?xml version="1.0" encoding="UTF-8"?>
<!-- Generated by org.testng.reporters.JUnitReportReporter -->
<testsuite skipped="0" hostname="reyu" name="com.stateFarm.com.stateFarm.InterFace.PropertyReader" tests="1" failures="0" timestamp="22 Sep 2017 03:54:06 GMT" time="0.038" errors="0">
  <testcase name="h" time="0.038" classname="com.stateFarm.com.stateFarm.InterFace.PropertyReader"/>
</testsuite> <!-- com.stateFarm.com.stateFarm.InterFace.PropertyReader -->
