<?xml version="1.0" encoding="UTF-8"?>
<!-- Generated by org.testng.reporters.JUnitReportReporter -->
<testsuite skipped="0" hostname="reyu" name="com.stateFarm.com.stateFarm.helper.BaseClass" tests="1" failures="0" timestamp="23 Sep 2017 19:07:15 GMT" time="0.056" errors="0">
  <testcase name="setup" time="0.056" classname="com.stateFarm.com.stateFarm.helper.BaseClass"/>
</testsuite> <!-- com.stateFarm.com.stateFarm.helper.BaseClass -->
