<?xml version="1.0" encoding="UTF-8"?>
<!-- Generated by org.testng.reporters.JUnitReportReporter -->
<testsuite skipped="0" hostname="reyu" name="com.stateFarm.com.stateFarm.HomePageTest" tests="1" failures="0" timestamp="27 Sep 2017 05:12:37 GMT" time="1.808" errors="0">
  <testcase name="tc_1" time="1.808" classname="com.stateFarm.com.stateFarm.HomePageTest"/>
</testsuite> <!-- com.stateFarm.com.stateFarm.HomePageTest -->
