<?xml version="1.0" encoding="UTF-8"?>
<!-- Generated by org.testng.reporters.JUnitReportReporter -->
<testsuite skipped="0" hostname="reyu" name="com.stateFarm.com.stateFarm.HomePage" tests="1" failures="0" timestamp="22 Sep 2017 04:50:47 GMT" time="6.905" errors="0">
  <testcase name="tc_1" time="6.905" classname="com.stateFarm.com.stateFarm.HomePage"/>
</testsuite> <!-- com.stateFarm.com.stateFarm.HomePage -->
