<?xml version="1.0" encoding="UTF-8"?>
<!-- Generated by org.testng.reporters.JUnitReportReporter -->
<testsuite skipped="0" hostname="reyu" name="com.stateFarm.com.stateFarm.JKL" tests="1" failures="0" timestamp="05 Sep 2017 04:56:30 GMT" time="0.044" errors="0">
  <testcase name="gh" time="0.044" classname="com.stateFarm.com.stateFarm.JKL"/>
</testsuite> <!-- com.stateFarm.com.stateFarm.JKL -->
